<?xml version="1.0" encoding="UTF-8"?>
<!-- Generated by org.testng.reporters.JUnitReportReporter -->
<testsuite hostname="LAPTOP-MH9RAMGA" failures="0" tests="1" name="login_test.TestClass" time="36.006" errors="0" timestamp="2022-04-23T18:29:54 IST" skipped="0">
  <testcase classname="login_test.TestClass" name="init" time="36.006"/>
  <system-out/>
</testsuite> <!-- login_test.TestClass -->
